2020-05-04T10:43:36,736 TRACE [http-nio-8080-exec-5]: ClientController                     - ClientController - getClients - enter method 
2020-05-04T10:43:37,190 WARN  [http-nio-8080-exec-6]: PageNotFound                         - No mapping found for HTTP request with URI [/api] in DispatcherServlet with name 'dispatcher' 
2020-05-04T10:43:37,824 TRACE [http-nio-8080-exec-7]: ClientController                     - ClientController - getClients - enter method 
2020-05-04T10:43:38,232 TRACE [http-nio-8080-exec-8]: ClientController                     - ClientController - getClients - enter method 
2020-05-04T10:44:32,437 TRACE [http-nio-8080-exec-1]: ClientController                     - ClientController - getClients - enter method 
2020-05-04T10:46:58,932 TRACE [http-nio-8080-exec-3]: ClientController                     - ClientController - getClients - enter method 
2020-05-04T10:49:29,786 TRACE [http-nio-8080-exec-6]: ClientController                     - ClientController - getClients - enter method 
2020-05-04T10:49:36,343 TRACE [http-nio-8080-exec-5]: ClientController                     - ClientController - getClients - enter method 
2020-05-04T10:49:42,543 TRACE [http-nio-8080-exec-7]: ClientController                     - ClientController - getClients - enter method 
2020-05-04T10:49:47,114 TRACE [http-nio-8080-exec-8]: ClientController                     - ClientController - getClients - enter method 
2020-05-04T10:50:56,303 TRACE [http-nio-8080-exec-10]: ClientController                     - ClientController - getClients - enter method 
2020-05-04T11:09:16,097 TRACE [http-nio-8080-exec-2]: ClientController                     - ClientController - getClients - enter method 
2020-05-04T11:09:29,470 TRACE [http-nio-8080-exec-3]: ClientController                     - ClientController - getClients - enter method 
2020-05-04T11:09:31,378 TRACE [http-nio-8080-exec-4]: MovieController                      - MovieController - getMovies - enter method 
2020-05-04T11:09:31,905 TRACE [http-nio-8080-exec-6]: MovieController                      - MovieController - getMovies - enter method 
2020-05-04T11:17:16,084 TRACE [http-nio-8080-exec-8]: ClientController                     - ClientController - getClients - enter method 
2020-05-04T11:17:18,502 TRACE [http-nio-8080-exec-9]: MovieController                      - MovieController - getMovies - enter method 
2020-05-04T11:17:19,727 TRACE [http-nio-8080-exec-10]: ClientController                     - ClientController - getClients - enter method 
2020-05-04T11:17:21,125 TRACE [http-nio-8080-exec-1]: MovieController                      - MovieController - getMovies - enter method 
2020-05-04T11:17:36,833 TRACE [http-nio-8080-exec-2]: MovieController                      - MovieController - getMovies - enter method 
2020-05-04T11:17:56,582 TRACE [http-nio-8080-exec-3]: MovieController                      - MovieController - getMovies - enter method 
2020-05-04T11:18:27,105 TRACE [http-nio-8080-exec-5]: MovieController                      - MovieController - getMovies - enter method 
2020-05-04T11:18:27,420 TRACE [http-nio-8080-exec-7]: MovieController                      - MovieController - saveMovie - enter method 
2020-05-04T11:18:30,425 TRACE [http-nio-8080-exec-8]: MovieController                      - MovieController - getMovies - enter method 
2020-05-04T11:18:33,633 TRACE [http-nio-8080-exec-9]: ClientController                     - ClientController - getClients - enter method 
2020-05-04T11:18:34,119 TRACE [http-nio-8080-exec-10]: MovieController                      - MovieController - getMovies - enter method 
2020-05-04T11:18:39,768 TRACE [http-nio-8080-exec-1]: MovieController                      - MovieController - getMovies - enter method 
2020-05-04T11:18:44,033 TRACE [http-nio-8080-exec-3]: MovieController                      - MovieController - updateMovie - enter method 
2020-05-04T11:18:44,107 TRACE [http-nio-8080-exec-4]: MovieController                      - MovieController - getMovies - enter method 
2020-05-04T11:18:46,832 TRACE [http-nio-8080-exec-5]: MovieController                      - MovieController - getMovies - enter method 
2020-05-04T11:18:49,952 TRACE [http-nio-8080-exec-7]: MovieController                      - MovieController - deleteMovie - enter method 
2020-05-04T11:18:52,401 TRACE [http-nio-8080-exec-8]: MovieController                      - MovieController - getMovies - enter method 
2020-05-04T11:18:57,511 TRACE [http-nio-8080-exec-9]: ClientController                     - ClientController - getClients - enter method 
2020-05-04T11:18:58,285 TRACE [http-nio-8080-exec-10]: MovieController                      - MovieController - getMovies - enter method 
2020-05-04T11:19:18,337 TRACE [http-nio-8080-exec-3]: ClientController                     - ClientController - getClients - enter method 
2020-05-04T11:19:19,415 TRACE [http-nio-8080-exec-4]: MovieController                      - MovieController - getMovies - enter method 
2020-05-04T11:19:24,711 TRACE [http-nio-8080-exec-5]: ClientController                     - ClientController - getClients - enter method 
2020-05-04T11:19:25,239 TRACE [http-nio-8080-exec-6]: MovieController                      - MovieController - getMovies - enter method 
2020-05-04T11:19:25,891 TRACE [http-nio-8080-exec-7]: ClientController                     - ClientController - getClients - enter method 
2020-05-04T11:19:26,392 TRACE [http-nio-8080-exec-8]: MovieController                      - MovieController - getMovies - enter method 
2020-05-04T11:19:44,352 TRACE [http-nio-8080-exec-9]: MovieController                      - MovieController - getMovies - enter method 
2020-05-04T11:19:48,674 TRACE [http-nio-8080-exec-10]: MovieController                      - MovieController - getMovies - enter method 
2020-05-04T14:42:36,838 TRACE [http-nio-8080-exec-4]: MovieController                      - MovieController - getMovies - enter method 
2020-05-04T14:42:38,695 TRACE [http-nio-8080-exec-5]: MovieController                      - MovieController - getMovies - enter method 
2020-05-04T14:43:42,458 TRACE [http-nio-8080-exec-8]: MovieController                      - MovieController - getMovies - enter method 
2020-05-04T14:43:56,010 TRACE [http-nio-8080-exec-9]: MovieController                      - MovieController - getMovies - enter method 
2020-05-04T14:46:17,693 TRACE [http-nio-8080-exec-1]: MovieController                      - MovieController - getMovies - enter method 
2020-05-04T14:47:24,684 TRACE [http-nio-8080-exec-3]: MovieController                      - MovieController - getMovies - enter method 
2020-05-04T14:59:43,475 TRACE [http-nio-8080-exec-5]: MovieController                      - MovieController - getMovies - enter method 
2020-05-04T14:59:45,413 TRACE [http-nio-8080-exec-6]: ClientController                     - ClientController - getClients - enter method 
2020-05-04T14:59:48,618 TRACE [http-nio-8080-exec-7]: MovieController                      - MovieController - getMovies - enter method 
2020-05-04T14:59:49,975 TRACE [http-nio-8080-exec-8]: ClientController                     - ClientController - getClients - enter method 
2020-05-04T14:59:51,439 TRACE [http-nio-8080-exec-9]: MovieController                      - MovieController - getMovies - enter method 
2020-05-04T14:59:52,133 TRACE [http-nio-8080-exec-10]: ClientController                     - ClientController - getClients - enter method 
2020-05-04T15:00:53,462 TRACE [http-nio-8080-exec-2]: ClientController                     - ClientController - getClients - enter method 
2020-05-04T15:00:55,207 TRACE [http-nio-8080-exec-3]: MovieController                      - MovieController - getMovies - enter method 
2020-05-04T15:00:55,666 TRACE [http-nio-8080-exec-4]: ClientController                     - ClientController - getClients - enter method 
2020-05-04T15:03:19,861 TRACE [http-nio-8080-exec-6]: ClientController                     - ClientController - getClients - enter method 
2020-05-04T15:03:21,727 TRACE [http-nio-8080-exec-7]: MovieController                      - MovieController - getMovies - enter method 
2020-05-04T15:03:22,359 TRACE [http-nio-8080-exec-8]: ClientController                     - ClientController - getClients - enter method 
2020-05-04T15:03:22,876 TRACE [http-nio-8080-exec-9]: ClientController                     - ClientController - getClients - enter method 
2020-05-04T15:08:13,840 TRACE [http-nio-8080-exec-2]: ClientController                     - ClientController - getClients - enter method 
2020-05-04T15:08:18,376 TRACE [http-nio-8080-exec-3]: MovieController                      - MovieController - getMovies - enter method 
2020-05-04T15:08:19,133 TRACE [http-nio-8080-exec-4]: ClientController                     - ClientController - getClients - enter method 
2020-05-04T15:08:22,949 TRACE [http-nio-8080-exec-5]: MovieController                      - MovieController - getMovies - enter method 
2020-05-04T15:08:23,930 TRACE [http-nio-8080-exec-6]: ClientController                     - ClientController - getClients - enter method 
2020-05-04T15:09:04,762 TRACE [http-nio-8080-exec-8]: ClientController                     - ClientController - getClients - enter method 
2020-05-04T15:09:12,734 TRACE [http-nio-8080-exec-9]: MovieController                      - MovieController - getMovies - enter method 
2020-05-04T15:09:15,218 TRACE [http-nio-8080-exec-10]: ClientController                     - ClientController - getClients - enter method 
2020-05-04T15:09:18,240 TRACE [http-nio-8080-exec-1]: ClientController                     - ClientController - getClients - enter method 
2020-05-04T15:09:28,781 TRACE [http-nio-8080-exec-2]: MovieController                      - MovieController - getMovies - enter method 
2020-05-04T15:09:30,047 TRACE [http-nio-8080-exec-3]: MovieController                      - MovieController - getMovies - enter method 
2020-05-04T15:09:39,609 TRACE [http-nio-8080-exec-4]: MovieController                      - MovieController - getMovies - enter method 
2020-05-04T15:09:44,529 TRACE [http-nio-8080-exec-5]: ClientController                     - ClientController - getClients - enter method 
2020-05-04T15:11:50,504 TRACE [http-nio-8080-exec-7]: MovieController                      - MovieController - getMovies - enter method 
2020-05-04T15:11:52,160 TRACE [http-nio-8080-exec-8]: MovieController                      - MovieController - getMovies - enter method 
2020-05-04T15:11:53,813 TRACE [http-nio-8080-exec-9]: MovieController                      - MovieController - getMovies - enter method 
2020-05-04T15:12:00,073 TRACE [http-nio-8080-exec-10]: MovieController                      - MovieController - getMovies - enter method 
2020-05-04T15:12:06,453 TRACE [http-nio-8080-exec-1]: MovieController                      - MovieController - getMovies - enter method 
2020-05-04T15:12:08,103 TRACE [http-nio-8080-exec-2]: ClientController                     - ClientController - getClients - enter method 
2020-05-04T15:14:16,161 TRACE [http-nio-8080-exec-4]: MovieController                      - MovieController - getMovies - enter method 
2020-05-04T15:14:16,741 TRACE [http-nio-8080-exec-5]: ClientController                     - ClientController - getClients - enter method 
2020-05-04T15:14:17,455 TRACE [http-nio-8080-exec-6]: ClientController                     - ClientController - getClients - enter method 
2020-05-04T15:14:18,737 TRACE [http-nio-8080-exec-7]: ClientController                     - ClientController - getClients - enter method 
2020-05-04T15:14:21,130 TRACE [http-nio-8080-exec-8]: ClientController                     - ClientController - getClients - enter method 
2020-05-04T15:14:26,506 TRACE [http-nio-8080-exec-9]: ClientController                     - ClientController - getClients - enter method 
2020-05-04T15:14:27,272 TRACE [http-nio-8080-exec-10]: MovieController                      - MovieController - getMovies - enter method 
2020-05-04T15:14:27,760 TRACE [http-nio-8080-exec-1]: ClientController                     - ClientController - getClients - enter method 
2020-05-04T15:14:28,245 TRACE [http-nio-8080-exec-2]: MovieController                      - MovieController - getMovies - enter method 
2020-05-04T15:14:28,845 TRACE [http-nio-8080-exec-3]: ClientController                     - ClientController - getClients - enter method 
2020-05-04T15:14:31,651 TRACE [http-nio-8080-exec-4]: MovieController                      - MovieController - getMovies - enter method 
2020-05-04T15:14:32,086 TRACE [http-nio-8080-exec-5]: ClientController                     - ClientController - getClients - enter method 
2020-05-04T15:14:32,479 TRACE [http-nio-8080-exec-6]: MovieController                      - MovieController - getMovies - enter method 
2020-05-04T15:30:06,081 TRACE [http-nio-8080-exec-8]: MovieController                      - MovieController - getMovies - enter method 
2020-05-04T15:30:08,828 TRACE [http-nio-8080-exec-9]: MovieController                      - MovieController - getMovies - enter method 
2020-05-04T15:30:46,029 TRACE [http-nio-8080-exec-1]: ClientController                     - ClientController - getClients - enter method 
2020-05-04T15:30:46,868 TRACE [http-nio-8080-exec-2]: MovieController                      - MovieController - getMovies - enter method 
2020-05-04T15:31:15,429 TRACE [http-nio-8080-exec-4]: ClientController                     - ClientController - getClients - enter method 
2020-05-04T15:31:17,312 TRACE [http-nio-8080-exec-5]: MovieController                      - MovieController - getMovies - enter method 
2020-05-04T15:31:22,375 TRACE [http-nio-8080-exec-6]: ClientController                     - ClientController - getClients - enter method 
2020-05-04T15:32:41,641 TRACE [http-nio-8080-exec-8]: ClientController                     - ClientController - getClients - enter method 
2020-05-04T15:32:54,464 TRACE [http-nio-8080-exec-9]: ClientController                     - ClientController - getClients - enter method 
2020-05-04T15:34:17,680 TRACE [http-nio-8080-exec-1]: ClientController                     - ClientController - getClients - enter method 
2020-05-04T15:34:35,866 TRACE [http-nio-8080-exec-2]: ClientController                     - ClientController - getClients - enter method 
2020-05-04T15:35:10,138 TRACE [http-nio-8080-exec-4]: ClientController                     - ClientController - getClients - enter method 
2020-05-04T15:35:29,068 TRACE [http-nio-8080-exec-5]: ClientController                     - ClientController - getClients - enter method 
2020-05-04T15:42:48,838 TRACE [http-nio-8080-exec-7]: ClientController                     - ClientController - getClients - enter method 
2020-05-04T15:53:56,911 TRACE [http-nio-8080-exec-9]: ClientController                     - ClientController - getClients - enter method 
2020-05-04T15:58:15,453 TRACE [http-nio-8080-exec-1]: MovieController                      - MovieController - getMovies - enter method 
2020-05-04T15:58:16,181 TRACE [http-nio-8080-exec-2]: ClientController                     - ClientController - getClients - enter method 
2020-05-04T20:26:30,496 TRACE [http-nio-8080-exec-5]: ClientController                     - ClientController - getClients - enter method 
2020-05-04T20:26:31,016 WARN  [http-nio-8080-exec-6]: PageNotFound                         - No mapping found for HTTP request with URI [/api] in DispatcherServlet with name 'dispatcher' 
2020-05-04T20:26:32,165 WARN  [http-nio-8080-exec-7]: PageNotFound                         - No mapping found for HTTP request with URI [/api] in DispatcherServlet with name 'dispatcher' 
2020-05-04T20:26:33,045 WARN  [http-nio-8080-exec-8]: PageNotFound                         - No mapping found for HTTP request with URI [/api] in DispatcherServlet with name 'dispatcher' 
2020-05-04T20:26:33,517 TRACE [http-nio-8080-exec-9]: ClientController                     - ClientController - getClients - enter method 
2020-05-04T20:26:33,862 TRACE [http-nio-8080-exec-10]: ClientController                     - ClientController - getClients - enter method 
2020-05-04T20:27:20,034 TRACE [http-nio-8080-exec-3]: ClientController                     - ClientController - getClients - enter method 
2020-05-04T20:29:04,551 TRACE [http-nio-8080-exec-6]: ClientController                     - ClientController - getClients - enter method 
2020-05-04T20:29:50,310 TRACE [http-nio-8080-exec-7]: ClientController                     - ClientController - getClients - enter method 
2020-05-04T20:29:55,001 TRACE [http-nio-8080-exec-8]: ClientController                     - ClientController - getClients - enter method 
2020-05-04T20:30:07,014 TRACE [http-nio-8080-exec-9]: ClientController                     - ClientController - getClients - enter method 
2020-05-04T20:30:16,329 TRACE [http-nio-8080-exec-10]: MovieController                      - MovieController - getMovies - enter method 
2020-05-04T20:30:27,278 TRACE [http-nio-8080-exec-1]: ClientController                     - ClientController - getClients - enter method 
2020-05-04T20:31:23,165 TRACE [http-nio-8080-exec-3]: MovieController                      - MovieController - getMovies - enter method 
2020-05-04T20:31:24,933 TRACE [http-nio-8080-exec-4]: ClientController                     - ClientController - getClients - enter method 
2020-05-04T20:31:36,842 TRACE [http-nio-8080-exec-6]: MovieController                      - MovieController - getMovies - enter method 
2020-05-04T20:31:38,162 TRACE [http-nio-8080-exec-5]: MovieController                      - MovieController - getMovies - enter method 
2020-05-04T20:32:08,638 TRACE [http-nio-8080-exec-8]: MovieController                      - MovieController - getMovies - enter method 
2020-05-04T20:32:35,539 TRACE [http-nio-8080-exec-10]: ClientController                     - ClientController - getClients - enter method 
2020-05-04T20:32:36,556 TRACE [http-nio-8080-exec-1]: ClientController                     - ClientController - getClients - enter method 
2020-05-04T20:33:22,570 TRACE [http-nio-8080-exec-3]: ClientController                     - ClientController - getClients - enter method 
2020-05-04T20:34:15,586 TRACE [http-nio-8080-exec-6]: ClientController                     - ClientController - getClients - enter method 
2020-05-04T20:34:24,497 TRACE [http-nio-8080-exec-5]: MovieController                      - MovieController - getMovies - enter method 
2020-05-04T20:34:25,067 TRACE [http-nio-8080-exec-7]: ClientController                     - ClientController - getClients - enter method 
2020-05-04T20:35:30,725 TRACE [http-nio-8080-exec-9]: ClientController                     - ClientController - getClients - enter method 
2020-05-04T20:35:43,617 TRACE [http-nio-8080-exec-10]: ClientController                     - ClientController - getClients - enter method 
2020-05-04T20:35:59,564 TRACE [http-nio-8080-exec-1]: ClientController                     - ClientController - getClients - enter method 
2020-05-04T20:36:19,591 TRACE [http-nio-8080-exec-2]: ClientController                     - ClientController - getClients - enter method 
2020-05-04T20:36:39,545 TRACE [http-nio-8080-exec-3]: ClientController                     - ClientController - getClients - enter method 
2020-05-04T20:36:44,903 TRACE [http-nio-8080-exec-4]: ClientController                     - ClientController - getClients - enter method 
2020-05-04T20:37:00,702 TRACE [http-nio-8080-exec-6]: ClientController                     - ClientController - getClients - enter method 
2020-05-04T20:37:33,893 TRACE [http-nio-8080-exec-7]: ClientController                     - ClientController - getClients - enter method 
2020-05-04T20:39:05,267 TRACE [http-nio-8080-exec-9]: MovieController                      - MovieController - getMovies - enter method 
2020-05-04T20:39:06,102 TRACE [http-nio-8080-exec-10]: MovieController                      - MovieController - getMovies - enter method 
2020-05-04T20:39:06,926 TRACE [http-nio-8080-exec-1]: ClientController                     - ClientController - getClients - enter method 
2020-05-04T20:39:07,479 TRACE [http-nio-8080-exec-2]: MovieController                      - MovieController - getMovies - enter method 
2020-05-04T20:39:08,035 TRACE [http-nio-8080-exec-3]: ClientController                     - ClientController - getClients - enter method 
2020-05-04T20:39:08,553 TRACE [http-nio-8080-exec-4]: MovieController                      - MovieController - getMovies - enter method 
2020-05-04T20:39:09,322 TRACE [http-nio-8080-exec-6]: ClientController                     - ClientController - getClients - enter method 
2020-05-04T20:39:10,288 TRACE [http-nio-8080-exec-5]: MovieController                      - MovieController - getMovies - enter method 
2020-05-04T20:39:20,062 TRACE [http-nio-8080-exec-7]: MovieController                      - MovieController - getMovies - enter method 
2020-05-04T20:39:55,212 TRACE [http-nio-8080-exec-9]: ClientController                     - ClientController - getClients - enter method 
2020-05-04T20:39:56,355 TRACE [http-nio-8080-exec-10]: ClientController                     - ClientController - getClients - enter method 
2020-05-04T20:40:15,222 TRACE [http-nio-8080-exec-1]: ClientController                     - ClientController - getClients - enter method 
2020-05-04T20:40:19,606 TRACE [http-nio-8080-exec-2]: ClientController                     - ClientController - getClients - enter method 
2020-05-04T20:41:55,346 TRACE [http-nio-8080-exec-4]: ClientController                     - ClientController - getClients - enter method 
2020-05-04T20:41:55,621 TRACE [http-nio-8080-exec-6]: ClientController                     - ClientController - getClients - enter method 
2020-05-04T20:59:08,759 TRACE [http-nio-8080-exec-7]: MovieController                      - MovieController - getMovies - enter method 
2020-05-04T20:59:09,327 TRACE [http-nio-8080-exec-8]: ClientController                     - ClientController - getClients - enter method 
2020-05-04T21:01:02,954 TRACE [http-nio-8080-exec-10]: MovieController                      - MovieController - getMovies - enter method 
2020-05-04T21:01:06,032 TRACE [http-nio-8080-exec-1]: ClientController                     - ClientController - getClients - enter method 
2020-05-04T21:01:07,910 TRACE [http-nio-8080-exec-2]: MovieController                      - MovieController - getMovies - enter method 
2020-05-04T21:01:09,151 TRACE [http-nio-8080-exec-3]: ClientController                     - ClientController - getClients - enter method 
2020-05-04T21:01:36,929 TRACE [http-nio-8080-exec-6]: MovieController                      - MovieController - getMovies - enter method 
2020-05-04T21:01:42,239 TRACE [http-nio-8080-exec-5]: ClientController                     - ClientController - getClients - enter method 
2020-05-04T21:01:43,754 TRACE [http-nio-8080-exec-7]: ClientController                     - ClientController - getClients - enter method 
2020-05-04T21:01:47,557 TRACE [http-nio-8080-exec-8]: MovieController                      - MovieController - getMovies - enter method 
2020-05-04T21:01:50,140 TRACE [http-nio-8080-exec-9]: MovieController                      - MovieController - getMovies - enter method 
2020-05-04T21:01:51,865 TRACE [http-nio-8080-exec-10]: MovieController                      - MovieController - getMovies - enter method 
2020-05-04T21:01:54,867 TRACE [http-nio-8080-exec-1]: ClientController                     - ClientController - getClients - enter method 
2020-05-04T21:02:00,877 TRACE [http-nio-8080-exec-2]: MovieController                      - MovieController - getMovies - enter method 
2020-05-04T21:02:50,738 TRACE [http-nio-8080-exec-4]: ClientController                     - ClientController - getClients - enter method 
2020-05-04T21:02:51,034 TRACE [http-nio-8080-exec-6]: ClientController                     - ClientController - getClients - enter method 
2020-05-04T21:02:51,527 TRACE [http-nio-8080-exec-5]: MovieController                      - MovieController - getMovies - enter method 
2020-05-04T21:02:52,547 TRACE [http-nio-8080-exec-7]: ClientController                     - ClientController - getClients - enter method 
2020-05-04T21:02:55,814 TRACE [http-nio-8080-exec-8]: MovieController                      - MovieController - getMovies - enter method 
2020-05-04T21:03:04,021 TRACE [http-nio-8080-exec-9]: ClientController                     - ClientController - getClients - enter method 
2020-05-04T21:03:30,023 TRACE [http-nio-8080-exec-2]: ClientController                     - ClientController - getClients - enter method 
2020-05-04T21:03:30,375 TRACE [http-nio-8080-exec-3]: ClientController                     - ClientController - saveClient - enter method 
2020-05-04T21:03:32,634 TRACE [http-nio-8080-exec-4]: MovieController                      - MovieController - getMovies - enter method 
2020-05-04T21:03:33,082 TRACE [http-nio-8080-exec-6]: ClientController                     - ClientController - getClients - enter method 
2020-05-04T21:03:38,637 TRACE [http-nio-8080-exec-5]: ClientController                     - ClientController - getClients - enter method 
2020-05-04T21:03:50,457 TRACE [http-nio-8080-exec-8]: ClientController                     - ClientController - getClients - enter method 
2020-05-04T21:03:53,386 TRACE [http-nio-8080-exec-10]: ClientController                     - ClientController - updateClient - enter method 
2020-05-04T21:03:53,440 TRACE [http-nio-8080-exec-2]: ClientController                     - ClientController - getClients - enter method 
2020-05-04T21:03:57,943 TRACE [http-nio-8080-exec-1]: ClientController                     - ClientController - getClients - enter method 
2020-05-04T21:04:04,279 TRACE [http-nio-8080-exec-3]: ClientController                     - ClientController - getClients - enter method 
2020-05-04T21:04:09,265 TRACE [http-nio-8080-exec-4]: ClientController                     - ClientController - getClients - enter method 
2020-05-04T21:04:11,810 TRACE [http-nio-8080-exec-6]: ClientController                     - ClientController - deleteClient - enter method 
2020-05-04T21:04:15,086 TRACE [http-nio-8080-exec-5]: ClientController                     - ClientController - getClients - enter method 
2020-05-04T21:04:23,495 TRACE [http-nio-8080-exec-7]: MovieController                      - MovieController - getMovies - enter method 
2020-05-04T21:04:39,752 TRACE [http-nio-8080-exec-10]: MovieController                      - MovieController - saveMovie - enter method 
2020-05-04T21:04:39,790 TRACE [http-nio-8080-exec-2]: MovieController                      - MovieController - getMovies - enter method 
2020-05-04T21:04:41,789 TRACE [http-nio-8080-exec-1]: ClientController                     - ClientController - getClients - enter method 
2020-05-04T21:04:42,179 TRACE [http-nio-8080-exec-3]: MovieController                      - MovieController - getMovies - enter method 
2020-05-04T21:04:45,938 TRACE [http-nio-8080-exec-4]: ClientController                     - ClientController - getClients - enter method 
2020-05-04T21:04:48,745 TRACE [http-nio-8080-exec-6]: ClientController                     - ClientController - getClients - enter method 
2020-05-04T21:04:49,493 TRACE [http-nio-8080-exec-5]: MovieController                      - MovieController - getMovies - enter method 
2020-05-04T21:04:50,252 TRACE [http-nio-8080-exec-7]: MovieController                      - MovieController - getMovies - enter method 
2020-05-04T21:05:00,026 TRACE [http-nio-8080-exec-9]: MovieController                      - MovieController - getMovies - enter method 
2020-05-04T21:05:05,312 TRACE [http-nio-8080-exec-2]: MovieController                      - MovieController - updateMovie - enter method 
2020-05-04T21:05:05,354 TRACE [http-nio-8080-exec-1]: MovieController                      - MovieController - getMovies - enter method 
2020-05-04T21:05:08,014 TRACE [http-nio-8080-exec-3]: MovieController                      - MovieController - getMovies - enter method 
2020-05-04T21:05:14,743 TRACE [http-nio-8080-exec-4]: MovieController                      - MovieController - getMovies - enter method 
2020-05-04T21:05:20,171 TRACE [http-nio-8080-exec-6]: MovieController                      - MovieController - getMovies - enter method 
2020-05-04T21:05:21,199 TRACE [http-nio-8080-exec-7]: MovieController                      - MovieController - deleteMovie - enter method 
2020-05-04T21:05:25,506 TRACE [http-nio-8080-exec-8]: MovieController                      - MovieController - getMovies - enter method 
2020-05-04T21:05:28,512 TRACE [http-nio-8080-exec-9]: MovieController                      - MovieController - deleteMovie - enter method 
2020-05-04T21:05:30,509 TRACE [http-nio-8080-exec-10]: MovieController                      - MovieController - getMovies - enter method 
2020-05-04T21:05:48,017 TRACE [http-nio-8080-exec-1]: MovieController                      - MovieController - saveMovie - enter method 
2020-05-04T21:05:48,043 TRACE [http-nio-8080-exec-3]: MovieController                      - MovieController - getMovies - enter method 
2020-05-04T21:05:56,344 TRACE [http-nio-8080-exec-6]: MovieController                      - MovieController - getMovies - enter method 
2020-05-04T21:06:00,996 TRACE [http-nio-8080-exec-5]: ClientController                     - ClientController - getClients - enter method 
2020-05-04T21:06:01,392 TRACE [http-nio-8080-exec-7]: MovieController                      - MovieController - getMovies - enter method 
2020-05-04T21:06:01,819 TRACE [http-nio-8080-exec-8]: ClientController                     - ClientController - getClients - enter method 
2020-05-04T21:06:02,203 TRACE [http-nio-8080-exec-9]: MovieController                      - MovieController - getMovies - enter method 
2020-05-05T16:38:10,596 TRACE [http-nio-8080-exec-5]: ClientController                     - ClientController - getClients - enter method 
2020-05-05T16:38:13,016 TRACE [http-nio-8080-exec-6]: MovieController                      - MovieController - getMovies - enter method 
2020-05-05T16:38:13,740 TRACE [http-nio-8080-exec-7]: ClientController                     - ClientController - getClients - enter method 
2020-05-05T16:38:15,535 TRACE [http-nio-8080-exec-8]: MovieController                      - MovieController - getMovies - enter method 
2020-05-05T16:38:16,042 TRACE [http-nio-8080-exec-9]: ClientController                     - ClientController - getClients - enter method 
2020-05-05T16:38:16,437 TRACE [http-nio-8080-exec-10]: MovieController                      - MovieController - getMovies - enter method 
2020-05-05T16:38:16,917 TRACE [http-nio-8080-exec-2]: ClientController                     - ClientController - getClients - enter method 
2020-05-05T17:32:31,981 TRACE [http-nio-8080-exec-3]: ClientController                     - ClientController - getClients - enter method 
2020-05-05T17:32:48,398 TRACE [http-nio-8080-exec-4]: ClientController                     - ClientController - getClients - enter method 
2020-05-05T17:33:00,061 TRACE [http-nio-8080-exec-5]: MovieController                      - MovieController - getMovies - enter method 
2020-05-05T17:33:05,306 TRACE [http-nio-8080-exec-6]: MovieController                      - MovieController - getMovies - enter method 
