2020-05-10T22:19:57,062 TRACE [http-nio-8080-exec-5]: MovieController                      - ClientController - getClients - enter method 
2020-05-10T22:19:57,202 TRACE [http-nio-8080-exec-6]: MovieController                      - ClientController - getClients - enter method 
2020-05-10T22:34:39,086 TRACE [http-nio-8080-exec-8]: MovieController                      - ClientController - getClients - enter method 
2020-05-10T22:34:39,954 TRACE [http-nio-8080-exec-9]: MovieController                      - MovieController - getMovies - enter method 
2020-05-10T22:34:40,411 TRACE [http-nio-8080-exec-10]: MovieController                      - MovieController - getMovies - enter method 
2020-05-10T22:43:09,306 TRACE [http-nio-8080-exec-4]: MovieController                      - ClientController - getClients - enter method 
2020-05-10T22:43:09,576 TRACE [http-nio-8080-exec-5]: MovieController                      - ClientController - getClients - enter method 
2020-05-11T09:56:26,984 TRACE [http-nio-8080-exec-4]: MovieController                      - ClientController - getClients - enter method 
2020-05-11T09:56:27,292 TRACE [http-nio-8080-exec-5]: MovieController                      - ClientController - getClients - enter method 
2020-05-11T09:56:31,246 TRACE [http-nio-8080-exec-6]: MovieController                      - ClientController - getClients - enter method 
2020-05-11T09:56:32,292 TRACE [http-nio-8080-exec-7]: MovieController                      - MovieController - getMovies - enter method 
2020-05-11T09:56:32,714 TRACE [http-nio-8080-exec-8]: MovieController                      - MovieController - getMovies - enter method 
2020-05-11T09:56:34,371 TRACE [http-nio-8080-exec-9]: MovieController                      - MovieController - getMovies - enter method 
2020-05-11T09:56:34,995 TRACE [http-nio-8080-exec-10]: MovieController                      - ClientController - getClients - enter method 
2020-05-11T09:56:35,426 TRACE [http-nio-8080-exec-1]: RentalController                     - RentalController - getRentals - enter method 
2020-05-11T09:56:35,763 TRACE [http-nio-8080-exec-2]: RentalController                     - RentalController - getRentals - enter method 
2020-05-11T10:03:53,918 TRACE [http-nio-8080-exec-5]: MovieController                      - ClientController - getClients - enter method 
2020-05-11T10:04:12,105 TRACE [http-nio-8080-exec-6]: MovieController                      - ClientController - getClients - enter method 
2020-05-11T10:04:13,341 TRACE [http-nio-8080-exec-7]: MovieController                      - MovieController - getMovies - enter method 
2020-05-11T10:04:13,936 TRACE [http-nio-8080-exec-8]: RentalController                     - RentalController - getRentals - enter method 
2020-05-11T10:04:15,176 TRACE [http-nio-8080-exec-9]: MovieController                      - MovieController - getMovies - enter method 
2020-05-11T10:04:24,612 TRACE [http-nio-8080-exec-1]: MovieController                      - MovieController - getMovies - enter method 
2020-05-11T10:04:24,841 TRACE [http-nio-8080-exec-2]: MovieController                      - MovieController - saveMovie - enter method 
2020-05-11T10:04:25,883 TRACE [http-nio-8080-exec-3]: MovieController                      - ClientController - getClients - enter method 
2020-05-11T10:04:26,372 TRACE [http-nio-8080-exec-4]: MovieController                      - MovieController - getMovies - enter method 
2020-05-11T10:04:29,372 TRACE [http-nio-8080-exec-5]: MovieController                      - MovieController - getMovies - enter method 
2020-05-11T10:04:32,383 TRACE [http-nio-8080-exec-6]: MovieController                      - ClientController - getClients - enter method 
2020-05-11T10:04:41,473 TRACE [http-nio-8080-exec-7]: MovieController                      - ClientController - getClients - enter method 
2020-05-11T10:05:04,914 TRACE [http-nio-8080-exec-1]: RentalController                     - RentalController - getRentals - enter method 
2020-05-11T10:05:05,777 TRACE [http-nio-8080-exec-10]: MovieController                      - ClientController - getClients - enter method 
2020-05-11T10:05:05,783 TRACE [http-nio-8080-exec-2]: MovieController                      - MovieController - getMovies - enter method 
2020-05-11T10:05:07,709 TRACE [http-nio-8080-exec-3]: RentalController                     - RentalController - getRentals - enter method 
2020-05-11T10:05:08,970 TRACE [http-nio-8080-exec-4]: RentalController                     - RentalController - getRentals - enter method 
2020-05-11T10:05:08,972 TRACE [http-nio-8080-exec-5]: MovieController                      - ClientController - getClients - enter method 
2020-05-11T10:05:08,975 TRACE [http-nio-8080-exec-6]: MovieController                      - MovieController - getMovies - enter method 
2020-05-11T10:05:15,449 TRACE [http-nio-8080-exec-8]: RentalController                     - RentalController - updateRental - enter method 
2020-05-11T10:05:15,512 TRACE [http-nio-8080-exec-9]: RentalController                     - RentalController - getRentals - enter method 
2020-05-11T10:09:01,682 TRACE [http-nio-8080-exec-3]: RentalController                     - RentalController - getRentals - enter method 
2020-05-11T10:09:11,707 TRACE [http-nio-8080-exec-4]: MovieController                      - ClientController - getClients - enter method 
2020-05-11T10:09:13,485 TRACE [http-nio-8080-exec-5]: MovieController                      - ClientController - getClients - enter method 
2020-05-11T10:09:14,541 TRACE [http-nio-8080-exec-6]: MovieController                      - ClientController - getClients - enter method 
2020-05-11T10:09:31,840 TRACE [http-nio-8080-exec-7]: MovieController                      - ClientController - getClients - enter method 
2020-05-11T10:10:34,559 TRACE [http-nio-8080-exec-9]: MovieController                      - ClientController - getClients - enter method 
2020-05-11T10:29:13,241 TRACE [http-nio-8080-exec-1]: MovieController                      - ClientController - getClients - enter method 
2020-05-11T10:29:14,476 TRACE [http-nio-8080-exec-2]: MovieController                      - ClientController - getClients - enter method 
2020-05-11T10:31:51,410 TRACE [http-nio-8080-exec-4]: MovieController                      - ClientController - getClients - enter method 
2020-05-11T10:31:53,790 TRACE [http-nio-8080-exec-5]: MovieController                      - ClientController - getClients - enter method 
2020-05-11T10:32:04,719 TRACE [http-nio-8080-exec-6]: MovieController                      - MovieController - getMovies - enter method 
2020-05-11T10:32:20,368 TRACE [http-nio-8080-exec-7]: RentalController                     - RentalController - getRentals - enter method 
2020-05-11T10:32:21,430 TRACE [http-nio-8080-exec-8]: MovieController                      - MovieController - getMovies - enter method 
2020-05-11T10:32:21,436 TRACE [http-nio-8080-exec-9]: MovieController                      - ClientController - getClients - enter method 
2020-05-11T10:32:23,582 TRACE [http-nio-8080-exec-10]: MovieController                      - MovieController - getMovies - enter method 
2020-05-11T10:33:19,482 TRACE [http-nio-8080-exec-3]: MovieController                      - ClientController - getClients - enter method 
2020-05-11T10:33:23,733 TRACE [http-nio-8080-exec-4]: MovieController                      - MovieController - getMovies - enter method 
2020-05-11T10:33:27,217 TRACE [http-nio-8080-exec-5]: MovieController                      - ClientController - getClients - enter method 
2020-05-11T10:33:30,762 TRACE [http-nio-8080-exec-6]: MovieController                      - ClientController - getClients - enter method 
2020-05-11T10:33:34,491 TRACE [http-nio-8080-exec-7]: MovieController                      - MovieController - getMovies - enter method 
2020-05-11T10:33:35,562 TRACE [http-nio-8080-exec-8]: MovieController                      - MovieController - getMovies - enter method 
2020-05-11T10:33:45,246 TRACE [http-nio-8080-exec-9]: MovieController                      - MovieController - getMovies - enter method 
2020-05-11T10:35:29,432 TRACE [http-nio-8080-exec-1]: RentalController                     - RentalController - getRentals - enter method 
2020-05-11T10:35:30,000 TRACE [http-nio-8080-exec-2]: MovieController                      - MovieController - getMovies - enter method 
2020-05-11T10:35:32,953 TRACE [http-nio-8080-exec-3]: RentalController                     - RentalController - getRentals - enter method 
2020-05-11T10:39:19,343 TRACE [http-nio-8080-exec-5]: MovieController                      - MovieController - getMovies - enter method 
2020-05-11T10:39:19,733 TRACE [http-nio-8080-exec-6]: RentalController                     - RentalController - getRentals - enter method 
2020-05-11T10:39:20,955 TRACE [http-nio-8080-exec-7]: RentalController                     - RentalController - getRentals - enter method 
2020-05-11T10:39:20,964 TRACE [http-nio-8080-exec-9]: MovieController                      - MovieController - getMovies - enter method 
2020-05-11T10:39:20,964 TRACE [http-nio-8080-exec-8]: MovieController                      - ClientController - getClients - enter method 
2020-05-11T10:39:23,052 TRACE [http-nio-8080-exec-10]: MovieController                      - ClientController - getClients - enter method 
2020-05-11T10:39:42,235 TRACE [http-nio-8080-exec-5]: MovieController                      - ClientController - deleteClient - enter method 
2020-05-11T10:39:43,297 TRACE [http-nio-8080-exec-6]: RentalController                     - RentalController - getRentals - enter method 
2020-05-11T10:39:44,351 TRACE [http-nio-8080-exec-7]: MovieController                      - ClientController - getClients - enter method 
2020-05-11T10:40:50,548 TRACE [http-nio-8080-exec-8]: MovieController                      - MovieController - getMovies - enter method 
2020-05-11T10:40:51,260 TRACE [http-nio-8080-exec-10]: RentalController                     - RentalController - getRentals - enter method 
2020-05-11T10:40:52,092 TRACE [http-nio-8080-exec-2]: MovieController                      - MovieController - getMovies - enter method 
2020-05-11T10:40:52,891 TRACE [http-nio-8080-exec-1]: MovieController                      - ClientController - getClients - enter method 
2020-05-11T10:42:21,314 TRACE [http-nio-8080-exec-5]: MovieController                      - ClientController - deleteClient - enter method 
2020-05-11T10:42:21,727 TRACE [http-nio-8080-exec-7]: MovieController                      - ClientController - deleteClient - enter method 
2020-05-11T10:42:22,118 TRACE [http-nio-8080-exec-8]: MovieController                      - ClientController - deleteClient - enter method 
2020-05-11T10:42:22,588 TRACE [http-nio-8080-exec-2]: MovieController                      - ClientController - deleteClient - enter method 
2020-05-11T10:42:28,523 TRACE [http-nio-8080-exec-3]: MovieController                      - ClientController - saveClient - enter method 
2020-05-11T10:42:28,552 TRACE [http-nio-8080-exec-4]: MovieController                      - ClientController - getClients - enter method 
2020-05-11T10:42:34,840 TRACE [http-nio-8080-exec-5]: MovieController                      - ClientController - saveClient - enter method 
2020-05-11T10:42:34,869 TRACE [http-nio-8080-exec-6]: MovieController                      - ClientController - getClients - enter method 
2020-05-11T10:42:44,125 TRACE [http-nio-8080-exec-7]: MovieController                      - ClientController - saveClient - enter method 
2020-05-11T10:42:44,156 TRACE [http-nio-8080-exec-9]: MovieController                      - ClientController - getClients - enter method 
2020-05-11T10:43:03,322 TRACE [http-nio-8080-exec-2]: MovieController                      - ClientController - saveClient - enter method 
2020-05-11T10:43:03,355 TRACE [http-nio-8080-exec-1]: MovieController                      - ClientController - getClients - enter method 
2020-05-11T10:43:14,202 TRACE [http-nio-8080-exec-4]: MovieController                      - ClientController - saveClient - enter method 
2020-05-11T10:43:14,240 TRACE [http-nio-8080-exec-3]: MovieController                      - ClientController - getClients - enter method 
2020-05-11T10:43:15,702 TRACE [http-nio-8080-exec-5]: MovieController                      - MovieController - getMovies - enter method 
2020-05-11T10:43:16,948 TRACE [http-nio-8080-exec-7]: MovieController                      - MovieController - deleteMovie - enter method 
2020-05-11T10:43:17,323 TRACE [http-nio-8080-exec-8]: MovieController                      - MovieController - deleteMovie - enter method 
2020-05-11T10:43:17,561 TRACE [http-nio-8080-exec-2]: MovieController                      - MovieController - deleteMovie - enter method 
2020-05-11T10:43:17,917 TRACE [http-nio-8080-exec-4]: MovieController                      - MovieController - deleteMovie - enter method 
2020-05-11T10:43:18,332 TRACE [http-nio-8080-exec-5]: MovieController                      - MovieController - deleteMovie - enter method 
2020-05-11T10:47:25,751 TRACE [http-nio-8080-exec-8]: MovieController                      - MovieController - saveMovie - enter method 
2020-05-11T10:47:25,782 TRACE [http-nio-8080-exec-10]: MovieController                      - MovieController - getMovies - enter method 
2020-05-11T10:48:27,557 TRACE [http-nio-8080-exec-4]: MovieController                      - MovieController - saveMovie - enter method 
2020-05-11T10:48:27,588 TRACE [http-nio-8080-exec-3]: MovieController                      - MovieController - getMovies - enter method 
2020-05-11T10:48:54,851 TRACE [http-nio-8080-exec-6]: MovieController                      - MovieController - saveMovie - enter method 
2020-05-11T10:48:54,888 TRACE [http-nio-8080-exec-7]: MovieController                      - MovieController - getMovies - enter method 
2020-05-11T10:50:11,103 TRACE [http-nio-8080-exec-8]: MovieController                      - MovieController - saveMovie - enter method 
2020-05-11T10:50:11,144 TRACE [http-nio-8080-exec-10]: MovieController                      - MovieController - getMovies - enter method 
2020-05-11T10:51:27,577 TRACE [http-nio-8080-exec-4]: MovieController                      - MovieController - saveMovie - enter method 
2020-05-11T10:51:27,613 TRACE [http-nio-8080-exec-3]: MovieController                      - MovieController - getMovies - enter method 
2020-05-11T10:51:29,053 TRACE [http-nio-8080-exec-5]: RentalController                     - RentalController - getRentals - enter method 
2020-05-11T10:51:29,760 TRACE [http-nio-8080-exec-6]: MovieController                      - ClientController - getClients - enter method 
2020-05-11T10:51:29,767 TRACE [http-nio-8080-exec-7]: MovieController                      - MovieController - getMovies - enter method 
2020-05-11T10:51:38,915 TRACE [http-nio-8080-exec-8]: RentalController                     - RentalController - saveRental - enter method 
2020-05-11T10:51:38,941 TRACE [http-nio-8080-exec-10]: RentalController                     - RentalController - getRentals - enter method 
2020-05-11T10:51:39,776 TRACE [http-nio-8080-exec-1]: MovieController                      - ClientController - getClients - enter method 
2020-05-11T10:51:39,781 TRACE [http-nio-8080-exec-2]: MovieController                      - MovieController - getMovies - enter method 
2020-05-11T10:51:42,187 TRACE [http-nio-8080-exec-4]: RentalController                     - RentalController - saveRental - enter method 
2020-05-11T10:51:42,222 TRACE [http-nio-8080-exec-3]: RentalController                     - RentalController - getRentals - enter method 
2020-05-11T10:51:46,694 TRACE [http-nio-8080-exec-5]: MovieController                      - ClientController - getClients - enter method 
2020-05-11T10:51:46,697 TRACE [http-nio-8080-exec-6]: MovieController                      - MovieController - getMovies - enter method 
2020-05-11T10:51:51,217 TRACE [http-nio-8080-exec-7]: RentalController                     - RentalController - getRentals - enter method 
2020-05-11T10:51:54,366 TRACE [http-nio-8080-exec-9]: RentalController                     - RentalController - getRentals - enter method 
2020-05-11T10:51:54,370 TRACE [http-nio-8080-exec-10]: MovieController                      - ClientController - getClients - enter method 
2020-05-11T10:51:54,374 TRACE [http-nio-8080-exec-8]: MovieController                      - MovieController - getMovies - enter method 
2020-05-11T10:52:10,480 TRACE [http-nio-8080-exec-2]: RentalController                     - RentalController - getRentals - enter method 
2020-05-11T10:52:11,653 TRACE [http-nio-8080-exec-4]: MovieController                      - MovieController - getMovies - enter method 
2020-05-11T10:52:11,654 TRACE [http-nio-8080-exec-1]: MovieController                      - ClientController - getClients - enter method 
2020-05-11T10:52:14,508 TRACE [http-nio-8080-exec-5]: RentalController                     - RentalController - saveRental - enter method 
2020-05-11T10:52:14,538 TRACE [http-nio-8080-exec-6]: RentalController                     - RentalController - getRentals - enter method 
2020-05-11T10:52:15,555 TRACE [http-nio-8080-exec-7]: MovieController                      - ClientController - getClients - enter method 
2020-05-11T10:52:15,558 TRACE [http-nio-8080-exec-9]: MovieController                      - MovieController - getMovies - enter method 
2020-05-11T10:52:19,048 TRACE [http-nio-8080-exec-10]: RentalController                     - RentalController - saveRental - enter method 
2020-05-11T10:52:19,077 TRACE [http-nio-8080-exec-8]: RentalController                     - RentalController - getRentals - enter method 
2020-05-11T10:52:20,176 TRACE [http-nio-8080-exec-2]: MovieController                      - ClientController - getClients - enter method 
2020-05-11T10:52:20,180 TRACE [http-nio-8080-exec-4]: MovieController                      - MovieController - getMovies - enter method 
2020-05-11T10:52:22,527 TRACE [http-nio-8080-exec-1]: RentalController                     - RentalController - saveRental - enter method 
2020-05-11T10:52:22,558 TRACE [http-nio-8080-exec-3]: RentalController                     - RentalController - getRentals - enter method 
2020-05-11T10:52:24,591 TRACE [http-nio-8080-exec-5]: MovieController                      - ClientController - getClients - enter method 
2020-05-11T10:52:24,593 TRACE [http-nio-8080-exec-6]: MovieController                      - MovieController - getMovies - enter method 
2020-05-11T10:52:27,469 TRACE [http-nio-8080-exec-7]: RentalController                     - RentalController - saveRental - enter method 
2020-05-11T10:52:27,499 TRACE [http-nio-8080-exec-9]: RentalController                     - RentalController - getRentals - enter method 
2020-05-11T10:52:28,741 TRACE [http-nio-8080-exec-10]: MovieController                      - MovieController - getMovies - enter method 
2020-05-11T10:52:29,274 TRACE [http-nio-8080-exec-8]: RentalController                     - RentalController - getRentals - enter method 
2020-05-11T10:52:31,045 TRACE [http-nio-8080-exec-2]: RentalController                     - RentalController - getRentals - enter method 
2020-05-11T10:52:31,053 TRACE [http-nio-8080-exec-4]: MovieController                      - ClientController - getClients - enter method 
2020-05-11T10:52:31,058 TRACE [http-nio-8080-exec-1]: MovieController                      - MovieController - getMovies - enter method 
2020-05-11T10:52:34,574 TRACE [http-nio-8080-exec-5]: RentalController                     - RentalController - updateRental - enter method 
2020-05-11T10:52:34,728 TRACE [http-nio-8080-exec-6]: RentalController                     - RentalController - getRentals - enter method 
2020-05-11T10:52:36,281 TRACE [http-nio-8080-exec-7]: MovieController                      - MovieController - getMovies - enter method 
2020-05-11T10:52:36,738 TRACE [http-nio-8080-exec-9]: MovieController                      - ClientController - getClients - enter method 
2020-05-11T10:52:38,449 TRACE [http-nio-8080-exec-10]: MovieController                      - MovieController - getMovies - enter method 
2020-05-11T10:52:39,773 TRACE [http-nio-8080-exec-8]: RentalController                     - RentalController - getRentals - enter method 
2020-05-11T10:56:45,491 TRACE [http-nio-8080-exec-4]: MovieController                      - ClientController - getClients - enter method 
2020-05-11T10:56:45,822 TRACE [http-nio-8080-exec-5]: MovieController                      - ClientController - getClients - enter method 
2020-05-11T10:57:22,962 TRACE [http-nio-8080-exec-7]: MovieController                      - ClientController - getClients - enter method 
2020-05-11T10:57:23,661 TRACE [http-nio-8080-exec-8]: MovieController                      - MovieController - getMovies - enter method 
2020-05-11T10:57:24,200 TRACE [http-nio-8080-exec-9]: RentalController                     - RentalController - getRentals - enter method 
2020-05-11T10:57:25,207 TRACE [http-nio-8080-exec-10]: MovieController                      - ClientController - getClients - enter method 
2020-05-11T10:57:26,123 TRACE [http-nio-8080-exec-1]: MovieController                      - MovieController - getMovies - enter method 
2020-05-11T10:57:26,845 TRACE [http-nio-8080-exec-2]: MovieController                      - ClientController - getClients - enter method 
2020-05-11T10:57:28,463 TRACE [http-nio-8080-exec-3]: RentalController                     - RentalController - getRentals - enter method 
2020-05-11T10:58:04,670 TRACE [http-nio-8080-exec-5]: MovieController                      - ClientController - getClients - enter method 
2020-05-11T10:58:10,172 TRACE [http-nio-8080-exec-6]: MovieController                      - MovieController - getMovies - enter method 
2020-05-11T10:58:10,557 TRACE [http-nio-8080-exec-7]: MovieController                      - ClientController - getClients - enter method 
2020-05-12T15:59:20,963 TRACE [http-nio-8080-exec-6]: ClientController                     - ClientController - getClients - enter method 
2020-05-12T15:59:21,176 TRACE [http-nio-8080-exec-7]: ClientController                     - ClientController - getClients - enter method 
2020-05-12T16:00:35,000 TRACE [http-nio-8080-exec-10]: RentalController                     - RentalController - getRentals - enter method 
2020-05-12T16:00:35,717 TRACE [http-nio-8080-exec-1]: MovieController                      - MovieController - getMovies - enter method 
2020-05-12T16:00:36,820 TRACE [http-nio-8080-exec-2]: ClientController                     - ClientController - getClients - enter method 
2020-05-12T16:00:37,818 TRACE [http-nio-8080-exec-3]: MovieController                      - MovieController - getMovies - enter method 
2020-05-12T16:00:39,147 TRACE [http-nio-8080-exec-4]: RentalController                     - RentalController - getRentals - enter method 
2020-05-12T16:00:41,021 TRACE [http-nio-8080-exec-5]: MovieController                      - MovieController - getMovies - enter method 
2020-05-12T16:01:51,590 TRACE [http-nio-8080-exec-7]: MovieController                      - MovieController - getMovies - enter method 
2020-05-12T16:21:02,686 TRACE [http-nio-8080-exec-9]: RentalController                     - RentalController - getRentals - enter method 
2020-05-12T16:21:05,367 TRACE [http-nio-8080-exec-10]: MovieController                      - MovieController - getMovies - enter method 
2020-05-12T16:21:05,384 TRACE [http-nio-8080-exec-1]: ClientController                     - ClientController - getClients - enter method 
2020-05-12T16:21:07,769 TRACE [http-nio-8080-exec-3]: RentalController                     - RentalController - getRentals - enter method 
2020-05-12T16:21:08,539 TRACE [http-nio-8080-exec-4]: RentalController                     - RentalController - saveRental - enter method 
2020-05-12T16:21:09,126 TRACE [http-nio-8080-exec-5]: MovieController                      - MovieController - getMovies - enter method 
2020-05-12T16:21:09,539 TRACE [http-nio-8080-exec-6]: RentalController                     - RentalController - getRentals - enter method 
2020-05-12T16:21:11,247 TRACE [http-nio-8080-exec-7]: MovieController                      - MovieController - getMovies - enter method 
2020-05-12T16:21:11,658 TRACE [http-nio-8080-exec-8]: RentalController                     - RentalController - getRentals - enter method 
2020-05-12T16:21:15,299 TRACE [http-nio-8080-exec-9]: ClientController                     - ClientController - getClients - enter method 
2020-05-12T16:21:15,300 TRACE [http-nio-8080-exec-10]: MovieController                      - MovieController - getMovies - enter method 
2020-05-12T16:21:17,335 TRACE [http-nio-8080-exec-1]: RentalController                     - RentalController - saveRental - enter method 
2020-05-12T16:21:17,399 TRACE [http-nio-8080-exec-3]: RentalController                     - RentalController - getRentals - enter method 
2020-05-12T16:21:22,521 TRACE [http-nio-8080-exec-2]: MovieController                      - MovieController - getMovies - enter method 
2020-05-12T16:21:23,160 TRACE [http-nio-8080-exec-5]: RentalController                     - RentalController - getRentals - enter method 
2020-05-12T16:22:57,440 TRACE [http-nio-8080-exec-7]: RentalController                     - RentalController - getRentals - enter method 
2020-05-12T16:23:17,989 TRACE [http-nio-8080-exec-10]: RentalController                     - RentalController - getRentals - enter method 
2020-05-12T16:23:20,618 TRACE [http-nio-8080-exec-9]: MovieController                      - MovieController - getMovies - enter method 
2020-05-12T16:23:20,621 TRACE [http-nio-8080-exec-3]: ClientController                     - ClientController - getClients - enter method 
2020-05-12T16:23:23,819 TRACE [http-nio-8080-exec-1]: RentalController                     - RentalController - saveRental - enter method 
2020-05-12T16:23:25,177 TRACE [http-nio-8080-exec-2]: RentalController                     - RentalController - getRentals - enter method 
2020-05-12T16:23:28,856 TRACE [http-nio-8080-exec-6]: RentalController                     - RentalController - deleteRental - enter method 
2020-05-12T16:23:29,752 TRACE [http-nio-8080-exec-7]: RentalController                     - RentalController - deleteRental - enter method 
2020-05-12T16:23:34,115 TRACE [http-nio-8080-exec-8]: ClientController                     - ClientController - getClients - enter method 
2020-05-12T16:23:35,628 TRACE [http-nio-8080-exec-10]: RentalController                     - RentalController - getRentals - enter method 
2020-05-12T16:23:36,315 TRACE [http-nio-8080-exec-3]: RentalController                     - RentalController - getRentals - enter method 
2020-05-12T16:23:51,015 TRACE [http-nio-8080-exec-1]: ClientController                     - ClientController - getClients - enter method 
2020-05-12T16:23:51,964 TRACE [http-nio-8080-exec-2]: MovieController                      - MovieController - getMovies - enter method 
2020-05-12T16:23:53,549 TRACE [http-nio-8080-exec-5]: RentalController                     - RentalController - getRentals - enter method 
2020-05-12T16:25:46,955 TRACE [http-nio-8080-exec-7]: RentalController                     - RentalController - getRentals - enter method 
2020-05-12T16:26:34,280 TRACE [http-nio-8080-exec-10]: RentalController                     - RentalController - getRentals - enter method 
2020-05-12T16:26:36,320 TRACE [http-nio-8080-exec-3]: MovieController                      - MovieController - getMovies - enter method 
2020-05-12T16:26:36,333 TRACE [http-nio-8080-exec-9]: ClientController                     - ClientController - getClients - enter method 
2020-05-12T16:26:38,306 TRACE [http-nio-8080-exec-1]: RentalController                     - RentalController - saveRental - enter method 
2020-05-12T16:26:40,559 TRACE [http-nio-8080-exec-2]: RentalController                     - RentalController - getRentals - enter method 
2020-05-12T16:26:43,193 TRACE [http-nio-8080-exec-6]: RentalController                     - RentalController - deleteRental - enter method 
2020-05-12T16:27:34,478 TRACE [http-nio-8080-exec-8]: RentalController                     - RentalController - getRentals - enter method 
2020-05-12T16:27:44,105 TRACE [http-nio-8080-exec-10]: MovieController                      - MovieController - getMovies - enter method 
2020-05-12T16:27:44,786 TRACE [http-nio-8080-exec-3]: ClientController                     - ClientController - getClients - enter method 
2020-05-12T17:18:15,535 TRACE [http-nio-8080-exec-1]: ClientController                     - ClientController - getClients - enter method 
2020-05-12T17:26:11,054 TRACE [http-nio-8080-exec-5]: ClientController                     - ClientController - getClients - enter method 
2020-05-12T17:29:18,052 TRACE [http-nio-8080-exec-7]: ClientController                     - ClientController - saveClient - enter method 
2020-05-12T17:29:20,818 TRACE [http-nio-8080-exec-8]: ClientController                     - ClientController - getClients - enter method 
2020-05-12T17:29:27,681 TRACE [http-nio-8080-exec-10]: RentalController                     - RentalController - getRentals - enter method 
2020-05-12T17:29:28,578 TRACE [http-nio-8080-exec-3]: ClientController                     - ClientController - getClients - enter method 
2020-05-12T17:29:35,022 TRACE [http-nio-8080-exec-9]: ClientController                     - ClientController - getClients - enter method 
2020-05-12T17:29:38,369 TRACE [http-nio-8080-exec-2]: ClientController                     - ClientController - updateClient - enter method 
2020-05-12T17:29:38,786 TRACE [http-nio-8080-exec-5]: ClientController                     - ClientController - getClients - enter method 
2020-05-12T17:29:41,071 TRACE [http-nio-8080-exec-6]: ClientController                     - ClientController - getClients - enter method 
2020-05-12T17:29:43,766 TRACE [http-nio-8080-exec-4]: ClientController                     - ClientController - getClients - enter method 
2020-05-12T17:29:49,822 TRACE [http-nio-8080-exec-7]: ClientController                     - ClientController - getClients - enter method 
2020-05-12T17:29:51,293 TRACE [http-nio-8080-exec-8]: ClientController                     - ClientController - deleteClient - enter method 
2020-05-12T17:29:55,058 TRACE [http-nio-8080-exec-10]: ClientController                     - ClientController - getClients - enter method 
2020-05-12T17:30:08,769 TRACE [http-nio-8080-exec-3]: RentalController                     - RentalController - getRentals - enter method 
2020-05-12T17:30:11,455 TRACE [http-nio-8080-exec-9]: MovieController                      - MovieController - getMovies - enter method 
2020-05-12T17:30:11,464 TRACE [http-nio-8080-exec-1]: ClientController                     - ClientController - getClients - enter method 
2020-05-12T17:30:31,806 TRACE [http-nio-8080-exec-7]: RentalController                     - RentalController - saveRental - enter method 
2020-05-12T17:30:36,036 TRACE [http-nio-8080-exec-8]: RentalController                     - RentalController - getRentals - enter method 
2020-05-12T17:30:38,560 TRACE [http-nio-8080-exec-10]: MovieController                      - MovieController - getMovies - enter method 
2020-05-12T17:30:38,573 TRACE [http-nio-8080-exec-3]: RentalController                     - RentalController - getRentals - enter method 
2020-05-12T17:30:38,582 TRACE [http-nio-8080-exec-9]: ClientController                     - ClientController - getClients - enter method 
2020-05-12T17:30:54,533 TRACE [http-nio-8080-exec-2]: RentalController                     - RentalController - updateRental - enter method 
2020-05-12T17:30:54,624 TRACE [http-nio-8080-exec-5]: RentalController                     - RentalController - getRentals - enter method 
2020-05-12T17:30:57,113 TRACE [http-nio-8080-exec-6]: RentalController                     - RentalController - getRentals - enter method 
2020-05-12T17:30:57,115 TRACE [http-nio-8080-exec-4]: MovieController                      - MovieController - getMovies - enter method 
2020-05-12T17:30:57,128 TRACE [http-nio-8080-exec-7]: ClientController                     - ClientController - getClients - enter method 
2020-05-12T17:31:01,057 TRACE [http-nio-8080-exec-8]: RentalController                     - RentalController - getRentals - enter method 
2020-05-12T17:31:03,661 TRACE [http-nio-8080-exec-3]: RentalController                     - RentalController - deleteRental - enter method 
2020-05-12T17:36:07,197 TRACE [http-nio-8080-exec-5]: RentalController                     - RentalController - getRentals - enter method 
2020-05-21T14:07:18,509 TRACE [http-nio-8080-exec-7]: ClientController                     - ClientController - getClients - enter method 
2020-05-21T14:07:18,755 TRACE [http-nio-8080-exec-8]: ClientController                     - ClientController - getClients - enter method 
